<?xml version="1.0" encoding="UTF-8"?>
<!-- Generated by org.testng.reporters.JUnitXMLReporter -->
<testsuite ignored="0" hostname="PF2J3VVK-AL1" failures="2" tests="10" name="HomePageTest" time="130.768" errors="0" timestamp="19 Jan 2023 11:52:53 GMT">
  <testcase classname="demo.opencart.TC_HomePage" name="NavBarHomePage" time="0.228"/>
  <testcase classname="demo.opencart.TC_HomePage" name="NavBarDesktopOptionList" time="12.104"/>
  <testcase classname="demo.opencart.TC_HomePage" name="NavBarLaptopNotebookOptionList" time="11.86"/>
  <testcase classname="demo.opencart.TC_HomePage" name="NavBarComponentsOptionList" time="26.655"/>
  <testcase classname="demo.opencart.TC_HomePage" name="NavBarTabletsOptionList" time="12.689"/>
  <testcase classname="demo.opencart.TC_HomePage" name="NavBarSoftwareOptionList" time="12.532"/>
  <testcase classname="demo.opencart.TC_HomePage" name="NavBarPhonesPDAsOptionList" time="12.76"/>
  <testcase classname="demo.opencart.TC_HomePage" name="NavBarCamerasOptionList" time="12.655"/>
  <testcase classname="demo.opencart.TC_HomePage" name="NavBarMP3PlayerOptionList" time="17.498">
    <failure type="org.openqa.selenium.NoSuchElementException" message="no such element: Unable to locate element: {&amp;quot;method&amp;quot;:&amp;quot;xpath&amp;quot;,&amp;quot;selector&amp;quot;:&amp;quot;//div[@class=&amp;apos;dropdown-menu show&amp;apos;]//div[@class=&amp;apos;dropdown-inner&amp;apos;]//ul[@class=&amp;apos;list-unstyled&amp;apos;]//li[2]&amp;quot;}
  (Session info: chrome=109.0.5414.75)
For documentation on this error, please visit: https://www.seleniumhq.org/exceptions/no_such_element.html
Build info: version: &amp;apos;3.141.59&amp;apos;, revision: &amp;apos;e82be7d358&amp;apos;, time: &amp;apos;2018-11-14T08:17:03&amp;apos;
System info: host: &amp;apos;PF2J3VVK-AL1&amp;apos;, ip: &amp;apos;192.168.1.124&amp;apos;, os.name: &amp;apos;Windows 10&amp;apos;, os.arch: &amp;apos;amd64&amp;apos;, os.version: &amp;apos;10.0&amp;apos;, java.version: &amp;apos;15.0.1&amp;apos;
Driver info: org.openqa.selenium.chrome.ChromeDriver
Capabilities {acceptInsecureCerts: false, browserName: chrome, browserVersion: 109.0.5414.75, chrome: {chromedriverVersion: 109.0.5414.74 (e7c5703604da..., userDataDir: C:\Users\14506437\AppData\L...}, goog:chromeOptions: {debuggerAddress: localhost:61787}, javascriptEnabled: true, networkConnectionEnabled: false, pageLoadStrategy: normal, platform: WINDOWS, platformName: WINDOWS, proxy: Proxy(), setWindowRect: true, strictFileInteractability: false, timeouts: {implicit: 0, pageLoad: 300000, script: 30000}, unhandledPromptBehavior: dismiss and notify, webauthn:extension:credBlob: true, webauthn:extension:largeBlob: true, webauthn:virtualAuthenticators: true}
Session ID: 64f2aede2520786203013f11711d7805
*** Element info: {Using=xpath, value=//div[@class=&amp;apos;dropdown-menu show&amp;apos;]//div[@class=&amp;apos;dropdown-inner&amp;apos;]//ul[@class=&amp;apos;list-unstyled&amp;apos;]//li[2]}">
      <![CDATA[org.openqa.selenium.NoSuchElementException: no such element: Unable to locate element: {"method":"xpath","selector":"//div[@class='dropdown-menu show']//div[@class='dropdown-inner']//ul[@class='list-unstyled']//li[2]"}
  (Session info: chrome=109.0.5414.75)
For documentation on this error, please visit: https://www.seleniumhq.org/exceptions/no_such_element.html
Build info: version: '3.141.59', revision: 'e82be7d358', time: '2018-11-14T08:17:03'
System info: host: 'PF2J3VVK-AL1', ip: '192.168.1.124', os.name: 'Windows 10', os.arch: 'amd64', os.version: '10.0', java.version: '15.0.1'
Driver info: org.openqa.selenium.chrome.ChromeDriver
Capabilities {acceptInsecureCerts: false, browserName: chrome, browserVersion: 109.0.5414.75, chrome: {chromedriverVersion: 109.0.5414.74 (e7c5703604da..., userDataDir: C:\Users\14506437\AppData\L...}, goog:chromeOptions: {debuggerAddress: localhost:61787}, javascriptEnabled: true, networkConnectionEnabled: false, pageLoadStrategy: normal, platform: WINDOWS, platformName: WINDOWS, proxy: Proxy(), setWindowRect: true, strictFileInteractability: false, timeouts: {implicit: 0, pageLoad: 300000, script: 30000}, unhandledPromptBehavior: dismiss and notify, webauthn:extension:credBlob: true, webauthn:extension:largeBlob: true, webauthn:virtualAuthenticators: true}
Session ID: 64f2aede2520786203013f11711d7805
*** Element info: {Using=xpath, value=//div[@class='dropdown-menu show']//div[@class='dropdown-inner']//ul[@class='list-unstyled']//li[2]}
at org.openqa.selenium.remote.http.W3CHttpResponseCodec.createException(W3CHttpResponseCodec.java:187)
at org.openqa.selenium.remote.http.W3CHttpResponseCodec.decode(W3CHttpResponseCodec.java:122)
at org.openqa.selenium.remote.http.W3CHttpResponseCodec.decode(W3CHttpResponseCodec.java:49)
at org.openqa.selenium.remote.HttpCommandExecutor.execute(HttpCommandExecutor.java:158)
at org.openqa.selenium.remote.service.DriverCommandExecutor.execute(DriverCommandExecutor.java:83)
at org.openqa.selenium.remote.RemoteWebDriver.execute(RemoteWebDriver.java:552)
at org.openqa.selenium.remote.RemoteWebDriver.findElement(RemoteWebDriver.java:323)
at org.openqa.selenium.remote.RemoteWebDriver.findElementByXPath(RemoteWebDriver.java:428)
at org.openqa.selenium.By$ByXPath.findElement(By.java:353)
at org.openqa.selenium.remote.RemoteWebDriver.findElement(RemoteWebDriver.java:315)
at demo.opencart.pages.HomePage.validateMp3PlayersTabOptionLinks(HomePage.java:371)
at demo.opencart.TC_HomePage.NavBarMP3PlayerOptionList(TC_HomePage.java:76)
... Removed 30 stack frames]]>
    </failure>
  </testcase> <!-- NavBarMP3PlayerOptionList -->
  <testcase classname="demo.opencart.TC_HomePage" name="searchTest" time="4.087">
    <failure type="java.lang.AssertionError">
      <![CDATA[java.lang.AssertionError
at org.junit.Assert.fail(Assert.java:86)
at org.junit.Assert.assertTrue(Assert.java:41)
at org.junit.Assert.assertFalse(Assert.java:64)
at org.junit.Assert.assertFalse(Assert.java:74)
at demo.opencart.TC_HomePage.searchTest(TC_HomePage.java:82)
... Removed 25 stack frames]]>
    </failure>
  </testcase> <!-- searchTest -->
</testsuite> <!-- HomePageTest -->
