<?xml version="1.0" encoding="UTF-8"?>
<!-- Generated by org.testng.reporters.JUnitXMLReporter -->
<testsuite ignored="0" hostname="PF2J3VVK-AL1" failures="1" tests="9" name="Test" time="149.045" errors="0" timestamp="18 Jan 2023 15:59:56 GMT">
  <testcase classname="demo.opencart.TC_HomePage" name="NavBarHomePage" time="0.239"/>
  <testcase classname="demo.opencart.TC_HomePage" name="NavBarDesktopOptionList" time="12.679"/>
  <testcase classname="demo.opencart.TC_HomePage" name="NavBarLaptopNotebookOptionList" time="12.192"/>
  <testcase classname="demo.opencart.TC_HomePage" name="NavBarComponentsOptionList" time="27.315"/>
  <testcase classname="demo.opencart.TC_HomePage" name="NavBarTabletsOptionList" time="12.889"/>
  <testcase classname="demo.opencart.TC_HomePage" name="NavBarSoftwareOptionList" time="12.548"/>
  <testcase classname="demo.opencart.TC_HomePage" name="NavBarPhonesPDAsOptionList" time="12.833"/>
  <testcase classname="demo.opencart.TC_HomePage" name="NavBarCamerasOptionList" time="12.81"/>
  <testcase classname="demo.opencart.TC_HomePage" name="NavBarMP3PlayerOptionList" time="37.582">
    <failure type="org.openqa.selenium.NoSuchElementException" message="no such element: Unable to locate element: {&amp;quot;method&amp;quot;:&amp;quot;xpath&amp;quot;,&amp;quot;selector&amp;quot;:&amp;quot;//div[@class=&amp;apos;dropdown-menu show&amp;apos;]//div[@class=&amp;apos;dropdown-inner&amp;apos;]//ul[@class=&amp;apos;list-unstyled&amp;apos;]//li[6]&amp;quot;}
  (Session info: chrome=109.0.5414.75)
For documentation on this error, please visit: https://www.seleniumhq.org/exceptions/no_such_element.html
Build info: version: &amp;apos;3.141.59&amp;apos;, revision: &amp;apos;e82be7d358&amp;apos;, time: &amp;apos;2018-11-14T08:17:03&amp;apos;
System info: host: &amp;apos;PF2J3VVK-AL1&amp;apos;, ip: &amp;apos;192.168.1.124&amp;apos;, os.name: &amp;apos;Windows 10&amp;apos;, os.arch: &amp;apos;amd64&amp;apos;, os.version: &amp;apos;10.0&amp;apos;, java.version: &amp;apos;15.0.1&amp;apos;
Driver info: org.openqa.selenium.chrome.ChromeDriver
Capabilities {acceptInsecureCerts: false, browserName: chrome, browserVersion: 109.0.5414.75, chrome: {chromedriverVersion: 109.0.5414.74 (e7c5703604da..., userDataDir: C:\Users\14506437\AppData\L...}, goog:chromeOptions: {debuggerAddress: localhost:49851}, javascriptEnabled: true, networkConnectionEnabled: false, pageLoadStrategy: normal, platform: WINDOWS, platformName: WINDOWS, proxy: Proxy(), setWindowRect: true, strictFileInteractability: false, timeouts: {implicit: 0, pageLoad: 300000, script: 30000}, unhandledPromptBehavior: dismiss and notify, webauthn:extension:credBlob: true, webauthn:extension:largeBlob: true, webauthn:virtualAuthenticators: true}
Session ID: 942b3e6436876424e3912bc893ce2a10
*** Element info: {Using=xpath, value=//div[@class=&amp;apos;dropdown-menu show&amp;apos;]//div[@class=&amp;apos;dropdown-inner&amp;apos;]//ul[@class=&amp;apos;list-unstyled&amp;apos;]//li[6]}">
      <![CDATA[org.openqa.selenium.NoSuchElementException: no such element: Unable to locate element: {"method":"xpath","selector":"//div[@class='dropdown-menu show']//div[@class='dropdown-inner']//ul[@class='list-unstyled']//li[6]"}
  (Session info: chrome=109.0.5414.75)
For documentation on this error, please visit: https://www.seleniumhq.org/exceptions/no_such_element.html
Build info: version: '3.141.59', revision: 'e82be7d358', time: '2018-11-14T08:17:03'
System info: host: 'PF2J3VVK-AL1', ip: '192.168.1.124', os.name: 'Windows 10', os.arch: 'amd64', os.version: '10.0', java.version: '15.0.1'
Driver info: org.openqa.selenium.chrome.ChromeDriver
Capabilities {acceptInsecureCerts: false, browserName: chrome, browserVersion: 109.0.5414.75, chrome: {chromedriverVersion: 109.0.5414.74 (e7c5703604da..., userDataDir: C:\Users\14506437\AppData\L...}, goog:chromeOptions: {debuggerAddress: localhost:49851}, javascriptEnabled: true, networkConnectionEnabled: false, pageLoadStrategy: normal, platform: WINDOWS, platformName: WINDOWS, proxy: Proxy(), setWindowRect: true, strictFileInteractability: false, timeouts: {implicit: 0, pageLoad: 300000, script: 30000}, unhandledPromptBehavior: dismiss and notify, webauthn:extension:credBlob: true, webauthn:extension:largeBlob: true, webauthn:virtualAuthenticators: true}
Session ID: 942b3e6436876424e3912bc893ce2a10
*** Element info: {Using=xpath, value=//div[@class='dropdown-menu show']//div[@class='dropdown-inner']//ul[@class='list-unstyled']//li[6]}
at org.openqa.selenium.remote.http.W3CHttpResponseCodec.createException(W3CHttpResponseCodec.java:187)
at org.openqa.selenium.remote.http.W3CHttpResponseCodec.decode(W3CHttpResponseCodec.java:122)
at org.openqa.selenium.remote.http.W3CHttpResponseCodec.decode(W3CHttpResponseCodec.java:49)
at org.openqa.selenium.remote.HttpCommandExecutor.execute(HttpCommandExecutor.java:158)
at org.openqa.selenium.remote.service.DriverCommandExecutor.execute(DriverCommandExecutor.java:83)
at org.openqa.selenium.remote.RemoteWebDriver.execute(RemoteWebDriver.java:552)
at org.openqa.selenium.remote.RemoteWebDriver.findElement(RemoteWebDriver.java:323)
at org.openqa.selenium.remote.RemoteWebDriver.findElementByXPath(RemoteWebDriver.java:428)
at org.openqa.selenium.By$ByXPath.findElement(By.java:353)
at org.openqa.selenium.remote.RemoteWebDriver.findElement(RemoteWebDriver.java:315)
at demo.opencart.pages.HomePage.validateMp3PlayersTabOptionLinks(HomePage.java:365)
at demo.opencart.TC_HomePage.NavBarMP3PlayerOptionList(TC_HomePage.java:76)
... Removed 30 stack frames]]>
    </failure>
  </testcase> <!-- NavBarMP3PlayerOptionList -->
</testsuite> <!-- Test -->
