<?xml version="1.0" encoding="UTF-8"?>
<testng-results ignored="0" total="12" passed="10" failed="2" skipped="0">
  <reporter-output>
  </reporter-output>
  <suite started-at="2023-01-19T11:50:42Z" name="opencart" finished-at="2023-01-19T11:53:27Z" duration-ms="165165">
    <groups>
    </groups>
    <test started-at="2023-01-19T11:50:42Z" name="HomePageTest" finished-at="2023-01-19T11:52:53Z" duration-ms="130768">
      <class name="demo.opencart.TC_HomePage">
        <test-method is-config="true" signature="setUp()[pri:0, instance:demo.opencart.TC_HomePage@343570b7]" started-at="2023-01-19T11:50:42Z" name="setUp" finished-at="2023-01-19T11:50:49Z" duration-ms="6959" status="PASS">
          <reporter-output>
          </reporter-output>
        </test-method> <!-- setUp -->
        <test-method signature="NavBarHomePage()[pri:0, instance:demo.opencart.TC_HomePage@343570b7]" started-at="2023-01-19T11:50:49Z" name="NavBarHomePage" description="Navigation Bar Test" finished-at="2023-01-19T11:50:49Z" duration-ms="228" status="PASS">
          <reporter-output>
          </reporter-output>
        </test-method> <!-- NavBarHomePage -->
        <test-method signature="NavBarDesktopOptionList()[pri:1, instance:demo.opencart.TC_HomePage@343570b7]" started-at="2023-01-19T11:50:49Z" name="NavBarDesktopOptionList" description="Desktop Tab Option list Test" finished-at="2023-01-19T11:51:01Z" duration-ms="12104" status="PASS">
          <reporter-output>
          </reporter-output>
        </test-method> <!-- NavBarDesktopOptionList -->
        <test-method signature="NavBarLaptopNotebookOptionList()[pri:2, instance:demo.opencart.TC_HomePage@343570b7]" started-at="2023-01-19T11:51:01Z" name="NavBarLaptopNotebookOptionList" description="Laptop&amp;Notebooks Tab Option list Test" finished-at="2023-01-19T11:51:13Z" duration-ms="11860" status="PASS">
          <reporter-output>
          </reporter-output>
        </test-method> <!-- NavBarLaptopNotebookOptionList -->
        <test-method signature="NavBarComponentsOptionList()[pri:3, instance:demo.opencart.TC_HomePage@343570b7]" started-at="2023-01-19T11:51:13Z" name="NavBarComponentsOptionList" description="Components Tab Option list Test" finished-at="2023-01-19T11:51:40Z" duration-ms="26655" status="PASS">
          <reporter-output>
          </reporter-output>
        </test-method> <!-- NavBarComponentsOptionList -->
        <test-method signature="NavBarTabletsOptionList()[pri:4, instance:demo.opencart.TC_HomePage@343570b7]" started-at="2023-01-19T11:51:40Z" name="NavBarTabletsOptionList" description="Tablets Tab Option list Test" finished-at="2023-01-19T11:51:52Z" duration-ms="12689" status="PASS">
          <reporter-output>
          </reporter-output>
        </test-method> <!-- NavBarTabletsOptionList -->
        <test-method signature="NavBarSoftwareOptionList()[pri:5, instance:demo.opencart.TC_HomePage@343570b7]" started-at="2023-01-19T11:51:52Z" name="NavBarSoftwareOptionList" description="Software Tab Option list Test" finished-at="2023-01-19T11:52:05Z" duration-ms="12532" status="PASS">
          <reporter-output>
          </reporter-output>
        </test-method> <!-- NavBarSoftwareOptionList -->
        <test-method signature="NavBarPhonesPDAsOptionList()[pri:6, instance:demo.opencart.TC_HomePage@343570b7]" started-at="2023-01-19T11:52:05Z" name="NavBarPhonesPDAsOptionList" description="Phones&amp;PDAs Tab Option list Test" finished-at="2023-01-19T11:52:18Z" duration-ms="12760" status="PASS">
          <reporter-output>
          </reporter-output>
        </test-method> <!-- NavBarPhonesPDAsOptionList -->
        <test-method signature="NavBarCamerasOptionList()[pri:7, instance:demo.opencart.TC_HomePage@343570b7]" started-at="2023-01-19T11:52:18Z" name="NavBarCamerasOptionList" description="Cameras Tab Option list Test" finished-at="2023-01-19T11:52:30Z" duration-ms="12655" status="PASS">
          <reporter-output>
          </reporter-output>
        </test-method> <!-- NavBarCamerasOptionList -->
        <test-method signature="NavBarMP3PlayerOptionList()[pri:8, instance:demo.opencart.TC_HomePage@343570b7]" started-at="2023-01-19T11:52:30Z" name="NavBarMP3PlayerOptionList" description="MP3 Players Tab Option list Test" finished-at="2023-01-19T11:52:48Z" duration-ms="17498" status="FAIL">
          <exception class="org.openqa.selenium.NoSuchElementException">
            <message>
              <![CDATA[no such element: Unable to locate element: {"method":"xpath","selector":"//div[@class='dropdown-menu show']//div[@class='dropdown-inner']//ul[@class='list-unstyled']//li[2]"}
  (Session info: chrome=109.0.5414.75)
For documentation on this error, please visit: https://www.seleniumhq.org/exceptions/no_such_element.html
Build info: version: '3.141.59', revision: 'e82be7d358', time: '2018-11-14T08:17:03'
System info: host: 'PF2J3VVK-AL1', ip: '192.168.1.124', os.name: 'Windows 10', os.arch: 'amd64', os.version: '10.0', java.version: '15.0.1'
Driver info: org.openqa.selenium.chrome.ChromeDriver
Capabilities {acceptInsecureCerts: false, browserName: chrome, browserVersion: 109.0.5414.75, chrome: {chromedriverVersion: 109.0.5414.74 (e7c5703604da..., userDataDir: C:\Users\14506437\AppData\L...}, goog:chromeOptions: {debuggerAddress: localhost:61787}, javascriptEnabled: true, networkConnectionEnabled: false, pageLoadStrategy: normal, platform: WINDOWS, platformName: WINDOWS, proxy: Proxy(), setWindowRect: true, strictFileInteractability: false, timeouts: {implicit: 0, pageLoad: 300000, script: 30000}, unhandledPromptBehavior: dismiss and notify, webauthn:extension:credBlob: true, webauthn:extension:largeBlob: true, webauthn:virtualAuthenticators: true}
Session ID: 64f2aede2520786203013f11711d7805
*** Element info: {Using=xpath, value=//div[@class='dropdown-menu show']//div[@class='dropdown-inner']//ul[@class='list-unstyled']//li[2]}]]>
            </message>
            <full-stacktrace>
              <![CDATA[org.openqa.selenium.NoSuchElementException: no such element: Unable to locate element: {"method":"xpath","selector":"//div[@class='dropdown-menu show']//div[@class='dropdown-inner']//ul[@class='list-unstyled']//li[2]"}
  (Session info: chrome=109.0.5414.75)
For documentation on this error, please visit: https://www.seleniumhq.org/exceptions/no_such_element.html
Build info: version: '3.141.59', revision: 'e82be7d358', time: '2018-11-14T08:17:03'
System info: host: 'PF2J3VVK-AL1', ip: '192.168.1.124', os.name: 'Windows 10', os.arch: 'amd64', os.version: '10.0', java.version: '15.0.1'
Driver info: org.openqa.selenium.chrome.ChromeDriver
Capabilities {acceptInsecureCerts: false, browserName: chrome, browserVersion: 109.0.5414.75, chrome: {chromedriverVersion: 109.0.5414.74 (e7c5703604da..., userDataDir: C:\Users\14506437\AppData\L...}, goog:chromeOptions: {debuggerAddress: localhost:61787}, javascriptEnabled: true, networkConnectionEnabled: false, pageLoadStrategy: normal, platform: WINDOWS, platformName: WINDOWS, proxy: Proxy(), setWindowRect: true, strictFileInteractability: false, timeouts: {implicit: 0, pageLoad: 300000, script: 30000}, unhandledPromptBehavior: dismiss and notify, webauthn:extension:credBlob: true, webauthn:extension:largeBlob: true, webauthn:virtualAuthenticators: true}
Session ID: 64f2aede2520786203013f11711d7805
*** Element info: {Using=xpath, value=//div[@class='dropdown-menu show']//div[@class='dropdown-inner']//ul[@class='list-unstyled']//li[2]}
at java.base/jdk.internal.reflect.NativeConstructorAccessorImpl.newInstance0(Native Method)
at java.base/jdk.internal.reflect.NativeConstructorAccessorImpl.newInstance(NativeConstructorAccessorImpl.java:64)
at java.base/jdk.internal.reflect.DelegatingConstructorAccessorImpl.newInstance(DelegatingConstructorAccessorImpl.java:45)
at java.base/java.lang.reflect.Constructor.newInstanceWithCaller(Constructor.java:500)
at java.base/java.lang.reflect.Constructor.newInstance(Constructor.java:481)
at org.openqa.selenium.remote.http.W3CHttpResponseCodec.createException(W3CHttpResponseCodec.java:187)
at org.openqa.selenium.remote.http.W3CHttpResponseCodec.decode(W3CHttpResponseCodec.java:122)
at org.openqa.selenium.remote.http.W3CHttpResponseCodec.decode(W3CHttpResponseCodec.java:49)
at org.openqa.selenium.remote.HttpCommandExecutor.execute(HttpCommandExecutor.java:158)
at org.openqa.selenium.remote.service.DriverCommandExecutor.execute(DriverCommandExecutor.java:83)
at org.openqa.selenium.remote.RemoteWebDriver.execute(RemoteWebDriver.java:552)
at org.openqa.selenium.remote.RemoteWebDriver.findElement(RemoteWebDriver.java:323)
at org.openqa.selenium.remote.RemoteWebDriver.findElementByXPath(RemoteWebDriver.java:428)
at org.openqa.selenium.By$ByXPath.findElement(By.java:353)
at org.openqa.selenium.remote.RemoteWebDriver.findElement(RemoteWebDriver.java:315)
at demo.opencart.pages.HomePage.validateMp3PlayersTabOptionLinks(HomePage.java:371)
at demo.opencart.TC_HomePage.NavBarMP3PlayerOptionList(TC_HomePage.java:76)
at java.base/jdk.internal.reflect.NativeMethodAccessorImpl.invoke0(Native Method)
at java.base/jdk.internal.reflect.NativeMethodAccessorImpl.invoke(NativeMethodAccessorImpl.java:64)
at java.base/jdk.internal.reflect.DelegatingMethodAccessorImpl.invoke(DelegatingMethodAccessorImpl.java:43)
at java.base/java.lang.reflect.Method.invoke(Method.java:564)
at org.testng.internal.MethodInvocationHelper.invokeMethod(MethodInvocationHelper.java:124)
at org.testng.internal.Invoker.invokeMethod(Invoker.java:583)
at org.testng.internal.Invoker.invokeTestMethod(Invoker.java:719)
at org.testng.internal.Invoker.invokeTestMethods(Invoker.java:989)
at org.testng.internal.TestMethodWorker.invokeTestMethods(TestMethodWorker.java:125)
at org.testng.internal.TestMethodWorker.run(TestMethodWorker.java:109)
at org.testng.TestRunner.privateRun(TestRunner.java:648)
at org.testng.TestRunner.run(TestRunner.java:505)
at org.testng.SuiteRunner.runTest(SuiteRunner.java:455)
at org.testng.SuiteRunner.runSequentially(SuiteRunner.java:450)
at org.testng.SuiteRunner.privateRun(SuiteRunner.java:415)
at org.testng.SuiteRunner.run(SuiteRunner.java:364)
at org.testng.SuiteRunnerWorker.runSuite(SuiteRunnerWorker.java:52)
at org.testng.SuiteRunnerWorker.run(SuiteRunnerWorker.java:84)
at org.testng.TestNG.runSuitesSequentially(TestNG.java:1208)
at org.testng.TestNG.runSuitesLocally(TestNG.java:1137)
at org.testng.TestNG.runSuites(TestNG.java:1049)
at org.testng.TestNG.run(TestNG.java:1017)
at org.testng.remote.AbstractRemoteTestNG.run(AbstractRemoteTestNG.java:115)
at org.testng.remote.RemoteTestNG.initAndRun(RemoteTestNG.java:251)
at org.testng.remote.RemoteTestNG.main(RemoteTestNG.java:77)
]]>
            </full-stacktrace>
          </exception> <!-- org.openqa.selenium.NoSuchElementException -->
          <reporter-output>
          </reporter-output>
        </test-method> <!-- NavBarMP3PlayerOptionList -->
        <test-method signature="searchTest()[pri:9, instance:demo.opencart.TC_HomePage@343570b7]" started-at="2023-01-19T11:52:48Z" name="searchTest" description="Search field test" finished-at="2023-01-19T11:52:52Z" duration-ms="4087" status="FAIL">
          <exception class="java.lang.AssertionError">
            <full-stacktrace>
              <![CDATA[java.lang.AssertionError
at org.junit.Assert.fail(Assert.java:86)
at org.junit.Assert.assertTrue(Assert.java:41)
at org.junit.Assert.assertFalse(Assert.java:64)
at org.junit.Assert.assertFalse(Assert.java:74)
at demo.opencart.TC_HomePage.searchTest(TC_HomePage.java:82)
at java.base/jdk.internal.reflect.NativeMethodAccessorImpl.invoke0(Native Method)
at java.base/jdk.internal.reflect.NativeMethodAccessorImpl.invoke(NativeMethodAccessorImpl.java:64)
at java.base/jdk.internal.reflect.DelegatingMethodAccessorImpl.invoke(DelegatingMethodAccessorImpl.java:43)
at java.base/java.lang.reflect.Method.invoke(Method.java:564)
at org.testng.internal.MethodInvocationHelper.invokeMethod(MethodInvocationHelper.java:124)
at org.testng.internal.Invoker.invokeMethod(Invoker.java:583)
at org.testng.internal.Invoker.invokeTestMethod(Invoker.java:719)
at org.testng.internal.Invoker.invokeTestMethods(Invoker.java:989)
at org.testng.internal.TestMethodWorker.invokeTestMethods(TestMethodWorker.java:125)
at org.testng.internal.TestMethodWorker.run(TestMethodWorker.java:109)
at org.testng.TestRunner.privateRun(TestRunner.java:648)
at org.testng.TestRunner.run(TestRunner.java:505)
at org.testng.SuiteRunner.runTest(SuiteRunner.java:455)
at org.testng.SuiteRunner.runSequentially(SuiteRunner.java:450)
at org.testng.SuiteRunner.privateRun(SuiteRunner.java:415)
at org.testng.SuiteRunner.run(SuiteRunner.java:364)
at org.testng.SuiteRunnerWorker.runSuite(SuiteRunnerWorker.java:52)
at org.testng.SuiteRunnerWorker.run(SuiteRunnerWorker.java:84)
at org.testng.TestNG.runSuitesSequentially(TestNG.java:1208)
at org.testng.TestNG.runSuitesLocally(TestNG.java:1137)
at org.testng.TestNG.runSuites(TestNG.java:1049)
at org.testng.TestNG.run(TestNG.java:1017)
at org.testng.remote.AbstractRemoteTestNG.run(AbstractRemoteTestNG.java:115)
at org.testng.remote.RemoteTestNG.initAndRun(RemoteTestNG.java:251)
at org.testng.remote.RemoteTestNG.main(RemoteTestNG.java:77)
]]>
            </full-stacktrace>
          </exception> <!-- java.lang.AssertionError -->
          <reporter-output>
          </reporter-output>
        </test-method> <!-- searchTest -->
        <test-method is-config="true" signature="closeBrowser()[pri:0, instance:demo.opencart.TC_HomePage@343570b7]" started-at="2023-01-19T11:52:52Z" name="closeBrowser" finished-at="2023-01-19T11:52:53Z" duration-ms="708" status="PASS">
          <reporter-output>
          </reporter-output>
        </test-method> <!-- closeBrowser -->
      </class> <!-- demo.opencart.TC_HomePage -->
    </test> <!-- HomePageTest -->
    <test started-at="2023-01-19T11:52:53Z" name="LoginTest" finished-at="2023-01-19T11:53:08Z" duration-ms="15019">
      <class name="demo.opencart.TC_LoginPage">
        <test-method is-config="true" signature="setup()[pri:0, instance:demo.opencart.TC_LoginPage@2177849e]" started-at="2023-01-19T11:52:53Z" name="setup" finished-at="2023-01-19T11:53:00Z" duration-ms="7162" status="PASS">
          <reporter-output>
          </reporter-output>
        </test-method> <!-- setup -->
        <test-method signature="loginTest()[pri:0, instance:demo.opencart.TC_LoginPage@2177849e]" started-at="2023-01-19T11:53:00Z" name="loginTest" finished-at="2023-01-19T11:53:07Z" duration-ms="7180" status="PASS">
          <reporter-output>
          </reporter-output>
        </test-method> <!-- loginTest -->
        <test-method is-config="true" signature="closeBrowser()[pri:0, instance:demo.opencart.TC_LoginPage@2177849e]" started-at="2023-01-19T11:53:07Z" name="closeBrowser" finished-at="2023-01-19T11:53:08Z" duration-ms="675" status="PASS">
          <reporter-output>
          </reporter-output>
        </test-method> <!-- closeBrowser -->
      </class> <!-- demo.opencart.TC_LoginPage -->
    </test> <!-- LoginTest -->
    <test started-at="2023-01-19T11:53:08Z" name="RegisterTest" finished-at="2023-01-19T11:53:27Z" duration-ms="19322">
      <class name="demo.opencart.TC_RegisterPage">
        <test-method is-config="true" signature="setUp()[pri:0, instance:demo.opencart.TC_RegisterPage@55b53d44]" started-at="2023-01-19T11:53:08Z" name="setUp" finished-at="2023-01-19T11:53:14Z" duration-ms="6060" status="PASS">
          <reporter-output>
          </reporter-output>
        </test-method> <!-- setUp -->
        <test-method signature="registerTest()[pri:0, instance:demo.opencart.TC_RegisterPage@55b53d44]" started-at="2023-01-19T11:53:14Z" name="registerTest" finished-at="2023-01-19T11:53:26Z" duration-ms="12583" status="PASS">
          <reporter-output>
          </reporter-output>
        </test-method> <!-- registerTest -->
        <test-method is-config="true" signature="closeBrowser()[pri:0, instance:demo.opencart.TC_RegisterPage@55b53d44]" started-at="2023-01-19T11:53:26Z" name="closeBrowser" finished-at="2023-01-19T11:53:27Z" duration-ms="676" status="PASS">
          <reporter-output>
          </reporter-output>
        </test-method> <!-- closeBrowser -->
      </class> <!-- demo.opencart.TC_RegisterPage -->
    </test> <!-- RegisterTest -->
  </suite> <!-- opencart -->
</testng-results>
